setting 'ivy.default.settings.dir' to 'jar:file:/Users/sagara/usr/lib/sbt-launch-0.7.4.jar!/org/apache/ivy/core/settings'
setting 'ivy.basedir' to '/Users/sagara/tree/.'
setting 'ivy.default.conf.dir' to 'jar:file:/Users/sagara/usr/lib/sbt-launch-0.7.4.jar!/org/apache/ivy/core/settings'
impossible to define new type: class not found: org.apache.ivy.plugins.version.PatternVersionMatcher in [] nor Ivy classloader
impossible to define new type: class not found: org.apache.ivy.plugins.trigger.LogTrigger in [] nor Ivy classloader
impossible to define new type: class not found: org.apache.ivy.plugins.resolver.VsftpResolver in [] nor Ivy classloader
impossible to define new type: class not found: org.apache.ivy.plugins.conflict.RegexpConflictManager in [] nor Ivy classloader
impossible to define new type: class not found: org.apache.ivy.plugins.resolver.SshResolver in [] nor Ivy classloader
impossible to define new type: class not found: org.apache.ivy.plugins.resolver.VfsResolver in [] nor Ivy classloader
impossible to define new type: class not found: org.apache.ivy.plugins.resolver.SFTPResolver in [] nor Ivy classloader
impossible to define new type: class not found: org.apache.ivy.plugins.resolver.packager.PackagerResolver in [] nor Ivy classloader
impossible to define new type: class not found: org.apache.ivy.ant.AntCallTrigger in [] nor Ivy classloader
impossible to define new type: class not found: org.apache.ivy.plugins.resolver.IvyRepResolver in [] nor Ivy classloader
impossible to define new type: class not found: org.apache.ivy.ant.AntBuildTrigger in [] nor Ivy classloader
impossible to define glob matcher: org.apache.ivy.plugins.matcher.GlobPatternMatcher was not found.
setting 'java.runtime.name' to 'Java(TM) 2 Runtime Environment, Standard Edition'
setting 'sun.boot.library.path' to '/System/Library/Frameworks/JavaVM.framework/Versions/1.5.0/Libraries'
setting 'java.vm.version' to '1.5.0_24-149'
setting 'awt.nativeDoubleBuffering' to 'true'
setting 'gopherProxySet' to 'false'
setting 'mrj.build' to '9M3165'
setting 'java.vm.vendor' to 'Apple Inc.'
setting 'java.vendor.url' to 'http://www.apple.com/'
setting 'path.separator' to ':'
setting 'java.vm.name' to 'Java HotSpot(TM) Client VM'
setting 'file.encoding.pkg' to 'sun.io'
setting 'sun.java.launcher' to 'SUN_STANDARD'
setting 'user.country' to 'JP'
setting 'sun.os.patch.level' to 'unknown'
setting 'java.vm.specification.name' to 'Java Virtual Machine Specification'
setting 'user.dir' to '/Users/sagara/tree'
setting 'java.runtime.version' to '1.5.0_24-b02-357-9M3165'
setting 'java.awt.graphicsenv' to 'apple.awt.CGraphicsEnvironment'
setting 'java.endorsed.dirs' to '/System/Library/Frameworks/JavaVM.framework/Versions/1.5.0/Home/lib/endorsed'
setting 'os.arch' to 'i386'
setting 'java.io.tmpdir' to '/var/folders/vH/vHgcGL0cFv0fWSrW7ppGRU+++TI/-Tmp-/'
setting 'line.separator' to '
'
setting 'java.vm.specification.vendor' to 'Sun Microsystems Inc.'
setting 'os.name' to 'Mac OS X'
setting 'sun.jnu.encoding' to 'UTF8'
setting 'java.library.path' to '.:/Library/Java/Extensions:/System/Library/Java/Extensions:/usr/lib/java'
setting 'java.specification.name' to 'Java Platform API Specification'
setting 'java.class.version' to '49.0'
setting 'sun.management.compiler' to 'HotSpot Client Compiler'
setting 'os.version' to '10.5.8'
setting 'http.nonProxyHosts' to 'local|*.local|169.254/16|*.169.254/16'
setting 'user.home' to '/Users/sagara'
setting 'user.timezone' to 'Asia/Tokyo'
setting 'java.awt.printerjob' to 'apple.awt.CPrinterJob'
setting 'file.encoding' to 'UTF8'
setting 'java.specification.version' to '1.5'
setting 'java.class.path' to '/Users/sagara/usr/bin/../lib/sbt-launch-0.7.4.jar'
setting 'user.name' to 'sagara'
setting 'java.vm.specification.version' to '1.0'
setting 'java.home' to '/System/Library/Frameworks/JavaVM.framework/Versions/1.5.0/Home'
setting 'sun.arch.data.model' to '32'
setting 'user.language' to 'ja'
setting 'java.specification.vendor' to 'Sun Microsystems Inc.'
setting 'awt.toolkit' to 'apple.awt.CToolkit'
setting 'java.vm.info' to 'mixed mode, sharing'
setting 'java.version' to '1.5.0_24'
setting 'java.ext.dirs' to '/Library/Java/Extensions:/System/Library/Java/Extensions:/System/Library/Frameworks/JavaVM.framework/Versions/1.5.0/Home/lib/ext'
setting 'sun.boot.class.path' to '/System/Library/Frameworks/JavaVM.framework/Versions/1.5.0/Classes/jsfd.jar:/System/Library/Frameworks/JavaVM.framework/Versions/1.5.0/Classes/classes.jar:/System/Library/Frameworks/JavaVM.framework/Versions/1.5.0/Classes/ui.jar:/System/Library/Frameworks/JavaVM.framework/Versions/1.5.0/Classes/laf.jar:/System/Library/Frameworks/JavaVM.framework/Versions/1.5.0/Classes/sunrsasign.jar:/System/Library/Frameworks/JavaVM.framework/Versions/1.5.0/Classes/jsse.jar:/System/Library/Frameworks/JavaVM.framework/Versions/1.5.0/Classes/jce.jar:/System/Library/Frameworks/JavaVM.framework/Versions/1.5.0/Classes/charsets.jar'
setting 'java.vendor' to 'Apple Inc.'
setting 'file.separator' to '/'
setting 'java.vendor.url.bug' to 'http://bugreport.apple.com/'
setting 'sun.io.unicode.encoding' to 'UnicodeLittle'
setting 'sun.cpu.endian' to 'little'
setting 'mrj.version' to '1050.1.5.0_24-357'
setting 'socksNonProxyHosts' to 'local|*.local|169.254/16|*.169.254/16'
setting 'ftp.nonProxyHosts' to 'local|*.local|169.254/16|*.169.254/16'
setting 'sun.cpu.isalist' to ''
setting 'ivy.default.ivy.user.dir' to '/Users/sagara/.ivy2'
setting 'ivy.home' to '/Users/sagara/.ivy2'
no default ivy user dir defined: set to /Users/sagara/.ivy2
setting 'ivy.cache.dir' to '/Users/sagara/.ivy2/cache'
no default cache defined: set to /Users/sagara/.ivy2/cache
setting 'ivy.basedir' to '/Users/sagara/tree/project/boot'
setting 'basedir' to '/Users/sagara/tree/project/boot'
setting 'scala' to '2.8.0'
:: resolving dependencies :: org.scala-tools.sbt#boot-scala;1.0
	confs: [default]
	validate = true
	refresh = false
resolving dependencies for configuration 'default'
== resolving dependencies for org.scala-tools.sbt#boot-scala;1.0 [default]
loadData of org.scala-tools.sbt#boot-scala;1.0 of rootConf=default
== resolving dependencies org.scala-tools.sbt#boot-scala;1.0->org.scala-lang#scala-compiler;2.8.0 [default->default]
loadData of org.scala-lang#scala-compiler;2.8.0 of rootConf=default
	using redefined-public to resolve org.scala-lang#scala-compiler;2.8.0
redefined-public: Checking cache for: dependency: org.scala-lang#scala-compiler;2.8.0 {default=[default]}
redefined-public: no namespace defined: using system
No entry is found in the ModuleDescriptorCache : /Users/sagara/.ivy2/cache/org.scala-lang/scala-compiler/ivy-2.8.0.xml
pre 1.3 ivy file: using exactOrRegexp as default matcher
	found ivy file in cache for org.scala-lang#scala-compiler;2.8.0 (resolved by Maven2 Local): /Users/sagara/.ivy2/cache/org.scala-lang/scala-compiler/ivy-2.8.0.xml
redefined-public: module revision found in cache: org.scala-lang#scala-compiler;2.8.0
redefined-public: no latest strategy defined: using default
	found org.scala-lang#scala-compiler;2.8.0 in Maven2 Local
== resolving dependencies org.scala-tools.sbt#boot-scala;1.0->org.scala-lang#scala-compiler;2.8.0 [default->runtime]
loadData of org.scala-lang#scala-compiler;2.8.0 of rootConf=default
== resolving dependencies org.scala-tools.sbt#boot-scala;1.0->org.scala-lang#scala-compiler;2.8.0 [default->compile]
loadData of org.scala-lang#scala-compiler;2.8.0 of rootConf=default
== resolving dependencies org.scala-lang#scala-compiler;2.8.0->org.scala-lang#scala-library;2.8.0 [compile->compile(*)]
loadData of org.scala-lang#scala-library;2.8.0 of rootConf=default
	using redefined-public to resolve org.scala-lang#scala-library;2.8.0
redefined-public: Checking cache for: dependency: org.scala-lang#scala-library;2.8.0 {compile=[compile(*), master(*)], runtime=[runtime(*)]}
No entry is found in the ModuleDescriptorCache : /Users/sagara/.ivy2/cache/org.scala-lang/scala-library/ivy-2.8.0.xml
pre 1.3 ivy file: using exactOrRegexp as default matcher
	found ivy file in cache for org.scala-lang#scala-library;2.8.0 (resolved by Maven2 Local): /Users/sagara/.ivy2/cache/org.scala-lang/scala-library/ivy-2.8.0.xml
redefined-public: module revision found in cache: org.scala-lang#scala-library;2.8.0
	found org.scala-lang#scala-library;2.8.0 in Maven2 Local
== resolving dependencies org.scala-lang#scala-compiler;2.8.0->org.scala-lang#scala-library;2.8.0 [compile->master(*)]
loadData of org.scala-lang#scala-library;2.8.0 of rootConf=default
== resolving dependencies org.scala-lang#scala-compiler;2.8.0->org.scala-lang#scala-library;2.8.0 [compile->default]
loadData of org.scala-lang#scala-library;2.8.0 of rootConf=default
== resolving dependencies org.scala-lang#scala-compiler;2.8.0->org.scala-lang#scala-library;2.8.0 [compile->runtime]
loadData of org.scala-lang#scala-library;2.8.0 of rootConf=default
== resolving dependencies org.scala-lang#scala-compiler;2.8.0->org.scala-lang#scala-library;2.8.0 [compile->compile]
loadData of org.scala-lang#scala-library;2.8.0 of rootConf=default
== resolving dependencies org.scala-lang#scala-compiler;2.8.0->org.scala-lang#scala-library;2.8.0 [compile->master]
loadData of org.scala-lang#scala-library;2.8.0 of rootConf=default
== resolving dependencies org.scala-lang#scala-compiler;2.8.0->org.scala-lang#scala-library;2.8.0 [runtime->runtime(*)]
loadData of org.scala-lang#scala-library;2.8.0 of rootConf=default
== resolving dependencies org.scala-lang#scala-compiler;2.8.0->org.scala-lang#scala-library;2.8.0 [runtime->compile]
loadData of org.scala-lang#scala-library;2.8.0 of rootConf=default
default is loaded and no conf to load.  Skip loading
== resolving dependencies org.scala-tools.sbt#boot-scala;1.0->org.scala-lang#scala-compiler;2.8.0 [default->master]
loadData of org.scala-lang#scala-compiler;2.8.0 of rootConf=default
== resolving dependencies org.scala-tools.sbt#boot-scala;1.0->org.scala-lang#scala-library;2.8.0 [default->default]
loadData of org.scala-lang#scala-library;2.8.0 of rootConf=default
default is loaded and no conf to load.  Skip loading
== resolving dependencies org.scala-tools.sbt#boot-scala;1.0->org.scala-lang#scala-library;2.8.0 [default->runtime]
loadData of org.scala-lang#scala-library;2.8.0 of rootConf=default
default is loaded and no conf to load.  Skip loading
== resolving dependencies org.scala-tools.sbt#boot-scala;1.0->org.scala-lang#scala-library;2.8.0 [default->compile]
loadData of org.scala-lang#scala-library;2.8.0 of rootConf=default
default is loaded and no conf to load.  Skip loading
== resolving dependencies org.scala-tools.sbt#boot-scala;1.0->org.scala-lang#scala-library;2.8.0 [default->master]
loadData of org.scala-lang#scala-library;2.8.0 of rootConf=default
default is loaded and no conf to load.  Skip loading
Nbr of module to sort : 2
Sort dependencies of : org.scala-lang#scala-compiler;2.8.0 / Number of dependencies = 2
Sort dependencies of : org.scala-lang#scala-library;2.8.0 / Number of dependencies = 0
Sort done for : org.scala-lang#scala-library;2.8.0
Sort done for : org.scala-lang#scala-compiler;2.8.0
Module descriptor is processed : org.scala-lang#scala-library;2.8.0
	resolved ivy file produced in /Users/sagara/.ivy2/cache/resolved-org.scala-tools.sbt-boot-scala-1.0.xml
:: downloading artifacts ::
	[NOT REQUIRED] org.scala-lang#scala-compiler;2.8.0!scala-compiler.jar
	[NOT REQUIRED] org.scala-lang#scala-library;2.8.0!scala-library.jar
:: resolution report :: resolve 134ms :: artifacts dl 4ms
Nbr of module to sort : 2
Sort dependencies of : org.scala-lang#scala-compiler;2.8.0 / Number of dependencies = 2
Sort dependencies of : org.scala-lang#scala-library;2.8.0 / Number of dependencies = 0
Sort done for : org.scala-lang#scala-library;2.8.0
Sort done for : org.scala-lang#scala-compiler;2.8.0
Module descriptor is processed : org.scala-lang#scala-library;2.8.0
	report for org.scala-tools.sbt#boot-scala;1.0 default produced in /Users/sagara/.ivy2/cache/org.scala-tools.sbt-boot-scala-default.xml
	resolve done (134ms resolve - 4ms download)
:: retrieving :: org.scala-tools.sbt#boot-scala
	checkUpToDate=true
no explicit confs given for retrieve, using ivy file: /Users/sagara/.ivy2/cache/resolved-org.scala-tools.sbt-boot-scala-1.0.xml
using ivy parser to parse /Users/sagara/.ivy2/cache/resolved-org.scala-tools.sbt-boot-scala-1.0.xml
pre 1.3 ivy file: using exactOrRegexp as default matcher
	confs: [default]
	retrieving /Users/sagara/.ivy2/cache/org.scala-lang/scala-library/jars/scala-library-2.8.0.jar
		to /Users/sagara/tree/project/boot/scala-2.8.0/lib/scala-library.jar
	retrieving /Users/sagara/.ivy2/cache/org.scala-lang/scala-compiler/jars/scala-compiler-2.8.0.jar
		to /Users/sagara/tree/project/boot/scala-2.8.0/lib/scala-compiler.jar
	2 artifacts copied, 0 already retrieved (14484kB/1202ms)
	retrieve done (1202ms)
